2025-06-02 00:32:24 Loading main app package /usr/lib/obsidian/obsidian.asar
2025-06-02 00:32:24 Checking for update using Github
2025-06-02 00:32:24 Success.
2025-06-02 00:32:24 Latest version is 1.8.10
2025-06-02 00:32:24 App is up to date.
2025-06-05 10:17:25 Loading main app package /usr/lib/obsidian/obsidian.asar
2025-06-05 10:17:25 Checking for update using Github
2025-06-05 10:17:25 Success.
2025-06-05 10:17:25 Latest version is 1.8.10
2025-06-05 10:17:25 App is up to date.
2025-06-23 19:02:22 Loading main app package /usr/lib/obsidian/obsidian.asar
2025-06-23 19:02:22 Checking for update using Github
2025-06-23 19:02:23 Success.
2025-06-23 19:02:23 Latest version is 1.8.10
2025-06-23 19:02:23 App is up to date.
2025-06-24 01:38:06 Loading main app package /usr/lib/obsidian/obsidian.asar
2025-06-24 01:38:06 Checking for update using Github
2025-06-24 01:38:06 Success.
2025-06-24 01:38:06 Latest version is 1.8.10
2025-06-24 01:38:06 App is up to date.
2025-08-01 15:24:31 Loading main app package /usr/lib/obsidian/obsidian.asar
2025-08-01 15:24:31 Checking for update using Github
2025-08-01 15:24:31 Success.
2025-08-01 15:24:31 Latest version is 1.8.10
2025-08-01 15:24:31 App is up to date.
2025-08-01 16:24:31 Checking for update using Github
2025-08-01 16:24:31 Success.
2025-08-01 16:24:31 Latest version is 1.8.10
2025-08-01 16:24:31 App is up to date.
2025-08-02 01:00:51 Loading main app package /usr/lib/obsidian/obsidian.asar
2025-08-02 01:00:51 Checking for update using Github
2025-08-02 01:00:51 Success.
2025-08-02 01:00:51 Latest version is 1.8.10
2025-08-02 01:00:51 App is up to date.
2025-08-02 02:00:51 Checking for update using Github
2025-08-02 02:00:51 Success.
2025-08-02 02:00:51 Latest version is 1.8.10
2025-08-02 02:00:51 App is up to date.
2025-08-02 03:00:51 Checking for update using Github
2025-08-02 03:00:51 Success.
2025-08-02 03:00:51 Latest version is 1.8.10
2025-08-02 03:00:51 App is up to date.
2025-08-02 14:15:51 Checking for update using Github
2025-08-02 14:15:51 Success.
2025-08-02 14:15:51 Latest version is 1.8.10
2025-08-02 14:15:51 App is up to date.
2025-08-02 15:15:51 Checking for update using Github
2025-08-02 15:15:52 Success.
2025-08-02 15:15:52 Latest version is 1.8.10
2025-08-02 15:15:52 App is up to date.
2025-08-02 16:15:51 Checking for update using Github
2025-08-02 16:15:52 Success.
2025-08-02 16:15:52 Latest version is 1.8.10
2025-08-02 16:15:52 App is up to date.
2025-08-02 17:15:51 Checking for update using Github
2025-08-02 17:15:52 Success.
2025-08-02 17:15:52 Latest version is 1.8.10
2025-08-02 17:15:52 App is up to date.
2025-08-02 18:15:51 Checking for update using Github
2025-08-02 18:15:52 Success.
2025-08-02 18:15:52 Latest version is 1.8.10
2025-08-02 18:15:52 App is up to date.
2025-08-02 19:15:51 Checking for update using Github
2025-08-02 19:15:52 Success.
2025-08-02 19:15:52 Latest version is 1.8.10
2025-08-02 19:15:52 App is up to date.
2025-08-02 20:15:51 Checking for update using Github
2025-08-02 20:15:52 Success.
2025-08-02 20:15:52 Latest version is 1.8.10
2025-08-02 20:15:52 App is up to date.
2025-08-02 21:15:51 Checking for update using Github
2025-08-02 21:15:52 Success.
2025-08-02 21:15:52 Latest version is 1.8.10
2025-08-02 21:15:52 App is up to date.
2025-08-02 22:15:51 Checking for update using Github
2025-08-02 22:15:52 Success.
2025-08-02 22:15:52 Latest version is 1.8.10
2025-08-02 22:15:52 App is up to date.
2025-08-03 02:48:00 Loading main app package /usr/lib/obsidian/obsidian.asar
2025-08-03 02:48:00 Checking for update using Github
2025-08-03 02:48:00 Success.
2025-08-03 02:48:00 Latest version is 1.8.10
2025-08-03 02:48:00 App is up to date.
